This is pdfTeX, Version 3.14159265-2.6-1.40.20 (MiKTeX 2.9.7250 64-bit) (preloaded format=pdflatex 2020.1.28)  5 OCT 2021 23:36
entering extended mode
**./central.tex
(central.tex
LaTeX2e <2019-10-01> patch level 3
("C:\Users\ricar\AppData\Local\Programs\MiKTeX 2.9\tex/latex/base\book.cls"
Document Class: book 2019/10/25 v1.4k Standard LaTeX document class
("C:\Users\ricar\AppData\Local\Programs\MiKTeX 2.9\tex/latex/base\bk12.clo"
File: bk12.clo 2019/10/25 v1.4k Standard LaTeX file (size option)
)
\c@part=\count80
\c@chapter=\count81
\c@section=\count82
\c@subsection=\count83
\c@subsubsection=\count84
\c@paragraph=\count85
\c@subparagraph=\count86
\c@figure=\count87
\c@table=\count88
\abovecaptionskip=\skip41
\belowcaptionskip=\skip42
\bibindent=\dimen102
)
(Codigofuente/preambulo.tex
("C:\Users\ricar\AppData\Local\Programs\MiKTeX 2.9\tex/latex/geometry\geometry.
sty"
Package: geometry 2020/01/02 v5.9 Page Geometry

("C:\Users\ricar\AppData\Local\Programs\MiKTeX 2.9\tex/latex/graphics\keyval.st
y"
Package: keyval 2014/10/28 v1.15 key=value parser (DPC)
\KV@toks@=\toks14
)
("C:\Users\ricar\AppData\Local\Programs\MiKTeX 2.9\tex/generic/iftex\ifvtex.sty
"
Package: ifvtex 2019/10/25 v1.7 ifvtex legacy package. Use iftex instead.
 ("C:\Users\ricar\AppData\Local\Programs\MiKTeX 2.9\tex/generic/iftex\iftex.sty
"
Package: iftex 2019/11/07 v1.0c TeX engine tests
))
\Gm@cnth=\count89
\Gm@cntv=\count90
\c@Gm@tempcnt=\count91
\Gm@bindingoffset=\dimen103
\Gm@wd@mp=\dimen104
\Gm@odd@mp=\dimen105
\Gm@even@mp=\dimen106
\Gm@layoutwidth=\dimen107
\Gm@layoutheight=\dimen108
\Gm@layouthoffset=\dimen109
\Gm@layoutvoffset=\dimen110
\Gm@dimlist=\toks15

("C:\Users\ricar\AppData\Local\Programs\MiKTeX 2.9\tex/latex/geometry\geometry.
cfg"))
("C:\Users\ricar\AppData\Local\Programs\MiKTeX 2.9\tex/latex/base\fontenc.sty"
Package: fontenc 2018/08/11 v2.0j Standard LaTeX package

("C:\Users\ricar\AppData\Local\Programs\MiKTeX 2.9\tex/latex/base\t1enc.def"
File: t1enc.def 2018/08/11 v2.0j Standard LaTeX file
LaTeX Font Info:    Redeclaring font encoding T1 on input line 48.
))
("C:\Users\ricar\AppData\Local\Programs\MiKTeX 2.9\tex/generic/babel\babel.sty"
Package: babel 2019/11/14 3.36 The Babel package
("C:\Users\ricar\AppData\Local\Programs\MiKTeX 2.9\tex/generic/babel\switch.def
"
File: switch.def 2019/11/14 3.36 Babel switching mechanism
)
*************************************
* Local config file bblopts.cfg used
*
("C:\Users\ricar\AppData\Local\Programs\MiKTeX 2.9\tex/latex/arabi\bblopts.cfg"
File: bblopts.cfg 2005/09/08 v0.1 add Arabic and Farsi to "declared" options of
 babel
)
("C:\Users\ricar\AppData\Local\Programs\MiKTeX 2.9\tex/latex/babel-spanish\span
ish.ldf"
Language: spanish.ldf 2016/03/03 v5.0p Spanish support from the babel system

("C:\Users\ricar\AppData\Local\Programs\MiKTeX 2.9\tex/generic/babel\babel.def"
File: babel.def 2019/11/14 3.36 Babel common definitions
\babel@savecnt=\count92
\U@D=\dimen111

("C:\Users\ricar\AppData\Local\Programs\MiKTeX 2.9\tex/generic/babel\txtbabel.d
ef")
\bbl@dirlevel=\count93
)
\es@quottoks=\toks16
\es@quotdepth=\count94
Package babel Info: Making " an active character on input line 561.
Package babel Info: Making . an active character on input line 662.
Package babel Info: Making < an active character on input line 707.
Package babel Info: Making > an active character on input line 707.
))
("C:\Users\ricar\AppData\Local\Programs\MiKTeX 2.9\tex/latex/base\inputenc.sty"
Package: inputenc 2018/08/11 v1.3c Input encoding file
\inpenc@prehook=\toks17
\inpenc@posthook=\toks18
) ("C:\Users\ricar\AppData\Local\Programs\MiKTeX 2.9\tex/latex/xcolor\xcolor.st
y"
Package: xcolor 2016/05/11 v2.12 LaTeX color extensions (UK)

("C:\Users\ricar\AppData\Local\Programs\MiKTeX 2.9\tex/latex/graphics-cfg\color
.cfg"
File: color.cfg 2016/01/02 v1.6 sample color configuration
)
Package xcolor Info: Package option `usenames' ignored on input line 216.
Package xcolor Info: Driver file: pdftex.def on input line 225.

("C:\Users\ricar\AppData\Local\Programs\MiKTeX 2.9\tex/latex/graphics-def\pdfte
x.def"
File: pdftex.def 2018/01/08 v1.0l Graphics/color driver for pdftex
)
("C:\Users\ricar\AppData\Local\Programs\MiKTeX 2.9\tex/latex/colortbl\colortbl.
sty"
Package: colortbl 2020/01/04 v1.0e Color table columns (DPC)

("C:\Users\ricar\AppData\Local\Programs\MiKTeX 2.9\tex/latex/tools\array.sty"
Package: array 2019/08/31 v2.4l Tabular extension package (FMi)
\col@sep=\dimen112
\ar@mcellbox=\box27
\extrarowheight=\dimen113
\NC@list=\toks19
\extratabsurround=\skip43
\backup@length=\skip44
\ar@cellbox=\box28
)
\everycr=\toks20
\minrowclearance=\skip45
)
\rownum=\count95
Package xcolor Info: Model `cmy' substituted by `cmy0' on input line 1348.
Package xcolor Info: Model `hsb' substituted by `rgb' on input line 1352.
Package xcolor Info: Model `RGB' extended on input line 1364.
Package xcolor Info: Model `HTML' substituted by `rgb' on input line 1366.
Package xcolor Info: Model `Hsb' substituted by `hsb' on input line 1367.
Package xcolor Info: Model `tHsb' substituted by `hsb' on input line 1368.
Package xcolor Info: Model `HSB' substituted by `hsb' on input line 1369.
Package xcolor Info: Model `Gray' substituted by `gray' on input line 1370.
Package xcolor Info: Model `wave' substituted by `hsb' on input line 1371.

("C:\Users\ricar\AppData\Local\Programs\MiKTeX 2.9\tex/latex/graphics\dvipsnam.
def"
File: dvipsnam.def 2016/06/17 v3.0m Driver-dependent file (DPC,SPQR)
)
("C:\Users\ricar\AppData\Local\Programs\MiKTeX 2.9\tex/latex/xcolor\svgnam.def"
File: svgnam.def 2016/05/11 v2.12 Predefined colors according to SVG 1.1 (UK)
))
("C:\Users\ricar\AppData\Local\Programs\MiKTeX 2.9\tex/latex/amsmath\amsmath.st
y"
Package: amsmath 2019/11/16 v2.17d AMS math features
\@mathmargin=\skip46

For additional information on amsmath, use the `?' option.

("C:\Users\ricar\AppData\Local\Programs\MiKTeX 2.9\tex/latex/amsmath\amstext.st
y"
Package: amstext 2000/06/29 v2.01 AMS text

("C:\Users\ricar\AppData\Local\Programs\MiKTeX 2.9\tex/latex/amsmath\amsgen.sty
"
File: amsgen.sty 1999/11/30 v2.0 generic functions
\@emptytoks=\toks21
\ex@=\dimen114
))
("C:\Users\ricar\AppData\Local\Programs\MiKTeX 2.9\tex/latex/amsmath\amsbsy.sty
"
Package: amsbsy 1999/11/29 v1.2d Bold Symbols
\pmbraise@=\dimen115
)
("C:\Users\ricar\AppData\Local\Programs\MiKTeX 2.9\tex/latex/amsmath\amsopn.sty
"
Package: amsopn 2016/03/08 v2.02 operator names
)
\inf@bad=\count96
LaTeX Info: Redefining \frac on input line 227.
\uproot@=\count97
\leftroot@=\count98
LaTeX Info: Redefining \overline on input line 389.
\classnum@=\count99
\DOTSCASE@=\count100
LaTeX Info: Redefining \ldots on input line 486.
LaTeX Info: Redefining \dots on input line 489.
LaTeX Info: Redefining \cdots on input line 610.
\Mathstrutbox@=\box29
\strutbox@=\box30
\big@size=\dimen116
LaTeX Font Info:    Redeclaring font encoding OML on input line 733.
LaTeX Font Info:    Redeclaring font encoding OMS on input line 734.
\macc@depth=\count101
\c@MaxMatrixCols=\count102
\dotsspace@=\muskip10
\c@parentequation=\count103
\dspbrk@lvl=\count104
\tag@help=\toks22
\row@=\count105
\column@=\count106
\maxfields@=\count107
\andhelp@=\toks23
\eqnshift@=\dimen117
\alignsep@=\dimen118
\tagshift@=\dimen119
\tagwidth@=\dimen120
\totwidth@=\dimen121
\lineht@=\dimen122
\@envbody=\toks24
\multlinegap=\skip47
\multlinetaggap=\skip48
\mathdisplay@stack=\toks25
LaTeX Info: Redefining \[ on input line 2858.
LaTeX Info: Redefining \] on input line 2859.
)
("C:\Users\ricar\AppData\Local\Programs\MiKTeX 2.9\tex/latex/amsfonts\amssymb.s
ty"
Package: amssymb 2013/01/14 v3.01 AMS font symbols

("C:\Users\ricar\AppData\Local\Programs\MiKTeX 2.9\tex/latex/amsfonts\amsfonts.
sty"
Package: amsfonts 2013/01/14 v3.01 Basic AMSFonts support
\symAMSa=\mathgroup4
\symAMSb=\mathgroup5
LaTeX Font Info:    Redeclaring math symbol \hbar on input line 98.
LaTeX Font Info:    Overwriting math alphabet `\mathfrak' in version `bold'
(Font)                  U/euf/m/n --> U/euf/b/n on input line 106.
))
("C:\Users\ricar\AppData\Local\Programs\MiKTeX 2.9\tex/latex/base\latexsym.sty"
Package: latexsym 1998/08/17 v2.2e Standard LaTeX package (lasy symbols)
\symlasy=\mathgroup6
LaTeX Font Info:    Overwriting symbol font `lasy' in version `bold'
(Font)                  U/lasy/m/n --> U/lasy/b/n on input line 52.
) ("C:\Users\ricar\AppData\Local\Programs\MiKTeX 2.9\tex/latex/cancel\cancel.st
y"
Package: cancel 2013/04/12 v2.2 Cancel math terms
) ("C:\Users\ricar\AppData\Local\Programs\MiKTeX 2.9\tex/latex/float\float.sty"
Package: float 2001/11/08 v1.3d Float enhancements (AL)
\c@float@type=\count108
\float@exts=\toks26
\float@box=\box31
\@float@everytoks=\toks27
\@floatcapt=\box32
)
("C:\Users\ricar\AppData\Local\Programs\MiKTeX 2.9\tex/latex/fancyhdr\fancyhdr.
sty"
Package: fancyhdr 2019/01/31 v3.10 Extensive control of page headers and footer
s
\f@nch@headwidth=\skip49
\f@nch@O@elh=\skip50
\f@nch@O@erh=\skip51
\f@nch@O@olh=\skip52
\f@nch@O@orh=\skip53
\f@nch@O@elf=\skip54
\f@nch@O@erf=\skip55
\f@nch@O@olf=\skip56
\f@nch@O@orf=\skip57
)
("C:\Users\ricar\AppData\Local\Programs\MiKTeX 2.9\tex/latex/listings\listings.
sty"
\lst@mode=\count109
\lst@gtempboxa=\box33
\lst@token=\toks28
\lst@length=\count110
\lst@currlwidth=\dimen123
\lst@column=\count111
\lst@pos=\count112
\lst@lostspace=\dimen124
\lst@width=\dimen125
\lst@newlines=\count113
\lst@lineno=\count114
\lst@maxwidth=\dimen126

("C:\Users\ricar\AppData\Local\Programs\MiKTeX 2.9\tex/latex/listings\lstmisc.s
ty"
File: lstmisc.sty 2019/09/10 1.8c (Carsten Heinz)
\c@lstnumber=\count115
\lst@skipnumbers=\count116
\lst@framebox=\box34
)
("C:\Users\ricar\AppData\Local\Programs\MiKTeX 2.9\tex/latex/listings\listings.
cfg"
File: listings.cfg 2019/09/10 1.8c listings configuration
))
Package: listings 2019/09/10 1.8c (Carsten Heinz)

("C:\Users\ricar\AppData\Local\Programs\MiKTeX 2.9\tex/latex/graphics\graphicx.
sty"
Package: graphicx 2017/06/01 v1.1a Enhanced LaTeX Graphics (DPC,SPQR)

("C:\Users\ricar\AppData\Local\Programs\MiKTeX 2.9\tex/latex/graphics\graphics.
sty"
Package: graphics 2019/11/01 v1.3d Standard LaTeX Graphics (DPC,SPQR)

("C:\Users\ricar\AppData\Local\Programs\MiKTeX 2.9\tex/latex/graphics\trig.sty"
Package: trig 2016/01/03 v1.10 sin cos tan (DPC)
)
("C:\Users\ricar\AppData\Local\Programs\MiKTeX 2.9\tex/latex/graphics-cfg\graph
ics.cfg"
File: graphics.cfg 2016/06/04 v1.11 sample graphics configuration
)
Package graphics Info: Driver file: pdftex.def on input line 105.
)
\Gin@req@height=\dimen127
\Gin@req@width=\dimen128
)
("C:\Users\ricar\AppData\Local\Programs\MiKTeX 2.9\tex/latex/epstopdf-pkg\epsto
pdf.sty"
Package: epstopdf 2019/11/24 v2.7 Conversion with epstopdf on the fly (HO)

("C:\Users\ricar\AppData\Local\Programs\MiKTeX 2.9\tex/latex/epstopdf-pkg\epsto
pdf-base.sty"
Package: epstopdf-base 2019/11/24 v2.7 Base part for package epstopdf

("C:\Users\ricar\AppData\Local\Programs\MiKTeX 2.9\tex/generic/oberdiek\infware
rr.sty"
Package: infwarerr 2016/05/16 v1.4 Providing info/warning/error messages (HO)
)
("C:\Users\ricar\AppData\Local\Programs\MiKTeX 2.9\tex/latex/oberdiek\grfext.st
y"
Package: grfext 2016/05/16 v1.2 Manage graphics extensions (HO)

("C:\Users\ricar\AppData\Local\Programs\MiKTeX 2.9\tex/generic/oberdiek\kvdefin
ekeys.sty"
Package: kvdefinekeys 2016/05/16 v1.4 Define keys (HO)

("C:\Users\ricar\AppData\Local\Programs\MiKTeX 2.9\tex/generic/oberdiek\ltxcmds
.sty"
Package: ltxcmds 2016/05/16 v1.23 LaTeX kernel commands for general use (HO)
)))
("C:\Users\ricar\AppData\Local\Programs\MiKTeX 2.9\tex/latex/oberdiek\kvoptions
.sty"
Package: kvoptions 2016/05/16 v3.12 Key value format for package options (HO)

("C:\Users\ricar\AppData\Local\Programs\MiKTeX 2.9\tex/generic/oberdiek\kvsetke
ys.sty"
Package: kvsetkeys 2016/05/16 v1.17 Key value parser (HO)

("C:\Users\ricar\AppData\Local\Programs\MiKTeX 2.9\tex/generic/oberdiek\etexcmd
s.sty"
Package: etexcmds 2016/05/16 v1.6 Avoid name clashes with e-TeX commands (HO)

("C:\Users\ricar\AppData\Local\Programs\MiKTeX 2.9\tex/generic/iftex\ifluatex.s
ty"
Package: ifluatex 2019/10/25 v1.5 ifluatex legacy package. Use iftex instead.
))))
("C:\Users\ricar\AppData\Local\Programs\MiKTeX 2.9\tex/latex/pdftexcmds\pdftexc
mds.sty"
Package: pdftexcmds 2019/11/24 v0.31 Utility functions of pdfTeX for LuaTeX (HO
)
Package pdftexcmds Info: \pdf@primitive is available.
Package pdftexcmds Info: \pdf@ifprimitive is available.
Package pdftexcmds Info: \pdfdraftmode found.
)
Package epstopdf-base Info: Redefining graphics rule for `.eps' on input line 4
42.
Package grfext Info: Graphics extension search list:
(grfext)             [.pdf,.png,.jpg,.mps,.jpeg,.jbig2,.jb2,.PDF,.PNG,.JPG,.JPE
G,.JBIG2,.JB2,.eps]
(grfext)             \AppendGraphicsExtensions on input line 460.
))
("C:\Users\ricar\AppData\Local\Programs\MiKTeX 2.9\tex/latex/tools\longtable.st
y"
Package: longtable 2019/02/06 v4.12 Multi-page Table package (DPC)
\LTleft=\skip58
\LTright=\skip59
\LTpre=\skip60
\LTpost=\skip61
\LTchunksize=\count117
\LTcapwidth=\dimen129
\LT@head=\box35
\LT@firsthead=\box36
\LT@foot=\box37
\LT@lastfoot=\box38
\LT@cols=\count118
\LT@rows=\count119
\c@LT@tables=\count120
\c@LT@chunks=\count121
\LT@p@ftn=\toks29
)
("C:\Users\ricar\AppData\Local\Programs\MiKTeX 2.9\tex/latex/subfigure\subfigur
e.sty"
Package: subfigure 2002/07/30 v2.1.4 subfigure package
\subfigtopskip=\skip62
\subfigcapskip=\skip63
\subfigcaptopadj=\dimen130
\subfigbottomskip=\skip64
\subfigcapmargin=\dimen131
\subfiglabelskip=\skip65
\c@subfigure=\count122
\c@lofdepth=\count123
\c@subtable=\count124
\c@lotdepth=\count125

****************************************
* Local config file subfigure.cfg used *
****************************************

("C:\Users\ricar\AppData\Local\Programs\MiKTeX 2.9\tex/latex/subfigure\subfigur
e.cfg")
\subfig@top=\skip66
\subfig@bottom=\skip67
)
("C:\Users\ricar\AppData\Local\Programs\MiKTeX 2.9\tex/latex/titling\titling.st
y"
Package: titling 2009/09/04 v2.1d maketitle typesetting
\thanksmarkwidth=\skip68
\thanksmargin=\skip69
\droptitle=\skip70
)
("C:\Users\ricar\AppData\Local\Programs\MiKTeX 2.9\tex/latex/appendix\appendix.
sty"
Package: appendix 2009/09/02 v1.2b extra appendix facilities
\c@@pps=\count126
\c@@ppsavesec=\count127
\c@@ppsaveapp=\count128
)
("C:\Users\ricar\AppData\Local\Programs\MiKTeX 2.9\tex/latex/titlesec\titlesec.
sty"
Package: titlesec 2019/10/16 v2.13 Sectioning titles
\ttl@box=\box39
\beforetitleunit=\skip71
\aftertitleunit=\skip72
\ttl@plus=\dimen132
\ttl@minus=\dimen133
\ttl@toksa=\toks30
\titlewidth=\dimen134
\titlewidthlast=\dimen135
\titlewidthfirst=\dimen136
)
("C:\Users\ricar\AppData\Local\Programs\MiKTeX 2.9\tex/latex/hyperref\hyperref.
sty"
Package: hyperref 2019/11/10 v7.00c Hypertext links for LaTeX

("C:\Users\ricar\AppData\Local\Programs\MiKTeX 2.9\tex/generic/oberdiek\pdfesca
pe.sty"
Package: pdfescape 2016/05/16 v1.14 Implements pdfTeX's escape features (HO)
)
("C:\Users\ricar\AppData\Local\Programs\MiKTeX 2.9\tex/latex/oberdiek\hycolor.s
ty"
Package: hycolor 2016/05/16 v1.8 Color options for hyperref/bookmark (HO)

("C:\Users\ricar\AppData\Local\Programs\MiKTeX 2.9\tex/latex/oberdiek\xcolor-pa
tch.sty"
Package: xcolor-patch 2016/05/16 xcolor patch

("C:\Users\ricar\AppData\Local\Programs\MiKTeX 2.9\tex/latex/oberdiek\hopatch.s
ty"
Package: hopatch 2016/05/16 v1.3 Wrapper for package hooks (HO)
)))
("C:\Users\ricar\AppData\Local\Programs\MiKTeX 2.9\tex/latex/oberdiek\letltxmac
ro.sty"
Package: letltxmacro 2016/05/16 v1.5 Let assignment for LaTeX macros (HO)
)
("C:\Users\ricar\AppData\Local\Programs\MiKTeX 2.9\tex/latex/oberdiek\auxhook.s
ty"
Package: auxhook 2016/05/16 v1.4 Hooks for auxiliary files (HO)
)
\@linkdim=\dimen137
\Hy@linkcounter=\count129
\Hy@pagecounter=\count130

("C:\Users\ricar\AppData\Local\Programs\MiKTeX 2.9\tex/latex/hyperref\pd1enc.de
f"
File: pd1enc.def 2019/11/10 v7.00c Hyperref: PDFDocEncoding definition (HO)
Now handling font encoding PD1 ...
... no UTF-8 mapping file for font encoding PD1
)
("C:\Users\ricar\AppData\Local\Programs\MiKTeX 2.9\tex/generic/oberdiek\intcalc
.sty"
Package: intcalc 2016/05/16 v1.2 Expandable calculations with integers (HO)
)
\Hy@SavedSpaceFactor=\count131

("C:\Users\ricar\AppData\Local\Programs\MiKTeX 2.9\tex/latex/00miktex\hyperref.
cfg"
File: hyperref.cfg 2002/06/06 v1.2 hyperref configuration of TeXLive
)
Package hyperref Info: Option `colorlinks' set `true' on input line 4409.
Package hyperref Info: Hyper figures OFF on input line 4535.
Package hyperref Info: Link nesting OFF on input line 4540.
Package hyperref Info: Hyper index ON on input line 4543.
Package hyperref Info: Plain pages OFF on input line 4550.
Package hyperref Info: Backreferencing OFF on input line 4555.
Package hyperref Info: Implicit mode ON; LaTeX internals redefined.
Package hyperref Info: Bookmarks ON on input line 4788.
\c@Hy@tempcnt=\count132
 ("C:\Users\ricar\AppData\Local\Programs\MiKTeX 2.9\tex/latex/url\url.sty"
\Urlmuskip=\muskip11
Package: url 2013/09/16  ver 3.4  Verb mode for urls, etc.
)
LaTeX Info: Redefining \url on input line 5147.
\XeTeXLinkMargin=\dimen138

("C:\Users\ricar\AppData\Local\Programs\MiKTeX 2.9\tex/generic/oberdiek\bitset.
sty"
Package: bitset 2016/05/16 v1.2 Handle bit-vector datatype (HO)

("C:\Users\ricar\AppData\Local\Programs\MiKTeX 2.9\tex/generic/oberdiek\bigintc
alc.sty"
Package: bigintcalc 2016/05/16 v1.4 Expandable calculations on big integers (HO
)
))
\Fld@menulength=\count133
\Field@Width=\dimen139
\Fld@charsize=\dimen140
Package hyperref Info: Hyper figures OFF on input line 6418.
Package hyperref Info: Link nesting OFF on input line 6423.
Package hyperref Info: Hyper index ON on input line 6426.
Package hyperref Info: backreferencing OFF on input line 6433.
Package hyperref Info: Link coloring ON on input line 6436.
Package hyperref Info: Link coloring with OCG OFF on input line 6443.
Package hyperref Info: PDF/A mode OFF on input line 6448.
LaTeX Info: Redefining \ref on input line 6488.
LaTeX Info: Redefining \pageref on input line 6492.

("C:\Users\ricar\AppData\Local\Programs\MiKTeX 2.9\tex/generic/oberdiek\atbegsh
i.sty"
Package: atbegshi 2016/06/09 v1.18 At begin shipout hook (HO)

("C:\Users\ricar\AppData\Local\Programs\MiKTeX 2.9\tex/generic/iftex\ifpdf.sty"
Package: ifpdf 2019/10/25 v3.4 ifpdf legacy package. Use iftex instead.
))
\Hy@abspage=\count134
\c@Item=\count135
\c@Hfootnote=\count136
)
Package hyperref Info: Driver (autodetected): hpdftex.

("C:\Users\ricar\AppData\Local\Programs\MiKTeX 2.9\tex/latex/hyperref\hpdftex.d
ef"
File: hpdftex.def 2019/11/10 v7.00c Hyperref driver for pdfTeX

("C:\Users\ricar\AppData\Local\Programs\MiKTeX 2.9\tex/latex/oberdiek\atveryend
.sty"
Package: atveryend 2016/05/16 v1.9 Hooks at the very end of document (HO)
Package atveryend Info: \enddocument detected (standard20110627).
)
\Fld@listcount=\count137
\c@bookmark@seq@number=\count138

("C:\Users\ricar\AppData\Local\Programs\MiKTeX 2.9\tex/latex/oberdiek\rerunfile
check.sty"
Package: rerunfilecheck 2016/05/16 v1.8 Rerun checks for auxiliary files (HO)

("C:\Users\ricar\AppData\Local\Programs\MiKTeX 2.9\tex/generic/oberdiek\uniquec
ounter.sty"
Package: uniquecounter 2016/05/16 v1.3 Provide unlimited unique counter (HO)
)
Package uniquecounter Info: New unique counter `rerunfilecheck' on input line 2
85.
)
\Hy@SectionHShift=\skip73
)
("C:\Users\ricar\AppData\Local\Programs\MiKTeX 2.9\tex/latex/cite\cite.sty"
LaTeX Info: Redefining \cite on input line 302.
LaTeX Info: Redefining \nocite on input line 332.
Package: cite 2015/02/27  v 5.5
)

Package Fancyhdr Warning: \fancyhead's `E' option without twoside option is use
less on input line 24.

) (central.aux (Resumen/Resumen.aux)
LaTeX Info: Redefining \. on input line 25.
LaTeX Info: Redefining \% on input line 25.
 (Introduccion/Introduccion.aux)
(Capitulo1/Capitulo1.aux

LaTeX Warning: Label `eqn:phi1' multiply defined.


LaTeX Warning: Label `fig:lego' multiply defined.


LaTeX Warning: Label `Figura6:1.6' multiply defined.


LaTeX Warning: Label `eqn:Phi17' multiply defined.

) (Capitulo2/Capitulo2.aux

LaTeX Warning: Label `Figura18:2' multiply defined.


LaTeX Warning: Label `eqn:fe31' multiply defined.


LaTeX Warning: Label `eqn:fe34' multiply defined.


LaTeX Warning: Label `Figura19:2' multiply defined.


LaTeX Warning: Label `Figura20:2' multiply defined.


LaTeX Warning: Label `Figura20:2' multiply defined.

) (Capitulo3/Capitulo3.aux

LaTeX Warning: Label `Figura20:2' multiply defined.


LaTeX Warning: Label `Figura20:2' multiply defined.


LaTeX Warning: Label `Figura20:2' multiply defined.


LaTeX Warning: Label `Figura3:7a' multiply defined.


LaTeX Warning: Label `Figura3:7a' multiply defined.


LaTeX Warning: Label `Figura3:10' multiply defined.


LaTeX Warning: Label `Figura3:11' multiply defined.

) (Conclusiones/Conclusiones.aux) (Apendices/Apendices.aux))
\openout1 = `central.aux'.

LaTeX Font Info:    Checking defaults for OML/cmm/m/it on input line 3.
LaTeX Font Info:    ... okay on input line 3.
LaTeX Font Info:    Checking defaults for T1/cmr/m/n on input line 3.
LaTeX Font Info:    ... okay on input line 3.
LaTeX Font Info:    Checking defaults for OT1/cmr/m/n on input line 3.
LaTeX Font Info:    ... okay on input line 3.
LaTeX Font Info:    Checking defaults for OMS/cmsy/m/n on input line 3.
LaTeX Font Info:    ... okay on input line 3.
LaTeX Font Info:    Checking defaults for OMX/cmex/m/n on input line 3.
LaTeX Font Info:    ... okay on input line 3.
LaTeX Font Info:    Checking defaults for U/cmr/m/n on input line 3.
LaTeX Font Info:    ... okay on input line 3.
LaTeX Font Info:    Checking defaults for PD1/pdf/m/n on input line 3.
LaTeX Font Info:    ... okay on input line 3.

*geometry* driver: auto-detecting
*geometry* detected driver: pdftex
*geometry* verbose mode - [ preamble ] result:
* driver: pdftex
* paper: <default>
* layout: <same size as paper>
* layoutoffset:(h,v)=(0.0pt,0.0pt)
* modes: 
* h-part:(L,W,R)=(71.13188pt, 472.03123pt, 71.13188pt)
* v-part:(T,H,B)=(71.13188pt, 652.70622pt, 71.13188pt)
* \paperwidth=614.295pt
* \paperheight=794.96999pt
* \textwidth=472.03123pt
* \textheight=652.70622pt
* \oddsidemargin=-1.1381pt
* \evensidemargin=-1.1381pt
* \topmargin=-33.0119pt
* \headheight=12.0pt
* \headsep=19.8738pt
* \topskip=12.0pt
* \footskip=30.0pt
* \marginparwidth=47.0pt
* \marginparsep=7.0pt
* \columnsep=10.0pt
* \skip\footins=10.8pt plus 4.0pt minus 2.0pt
* \hoffset=0.0pt
* \voffset=0.0pt
* \mag=1000
* \@twocolumnfalse
* \@twosidefalse
* \@mparswitchfalse
* \@reversemarginfalse
* (1in=72.27pt=25.4mm, 1cm=28.453pt)

LaTeX Info: Redefining \. on input line 3.
LaTeX Info: Redefining \% on input line 3.

("C:\Users\ricar\AppData\Local\Programs\MiKTeX 2.9\tex/context/base/mkii\supp-p
df.mkii"
[Loading MPS to PDF converter (version 2006.09.02).]
\scratchcounter=\count139
\scratchdimen=\dimen141
\scratchbox=\box40
\nofMPsegments=\count140
\nofMParguments=\count141
\everyMPshowfont=\toks31
\MPscratchCnt=\count142
\MPscratchDim=\dimen142
\MPnumerator=\count143
\makeMPintoPDFobject=\count144
\everyMPtoPDFconversion=\toks32
)
\c@lstlisting=\count145
\AtBeginShipoutBox=\box41
Package hyperref Info: Link coloring ON on input line 3.

("C:\Users\ricar\AppData\Local\Programs\MiKTeX 2.9\tex/latex/hyperref\nameref.s
ty"
Package: nameref 2019/09/16 v2.46 Cross-referencing by name of section

("C:\Users\ricar\AppData\Local\Programs\MiKTeX 2.9\tex/latex/oberdiek\refcount.
sty"
Package: refcount 2016/05/16 v3.5 Data extraction from label references (HO)
)
("C:\Users\ricar\AppData\Local\Programs\MiKTeX 2.9\tex/generic/oberdiek\gettitl
estring.sty"
Package: gettitlestring 2016/05/16 v1.5 Cleanup title references (HO)
)
\c@section@level=\count146
)
LaTeX Info: Redefining \ref on input line 3.
LaTeX Info: Redefining \pageref on input line 3.
LaTeX Info: Redefining \nameref on input line 3.
 (central.out) (central.out)
\@outlinefile=\write3
\openout3 = `central.out'.

\openout2 = `Resumen/Resumen.aux'.

 (Resumen/Resumen.tex
Underfull \hbox (badness 10000) in paragraph at lines 4--6

 []

) [1



{C:/Users/ricar/AppData/Local/MiKTeX/2.9/pdftex/config/pdftex.map}]
(central.toc
LaTeX Info: Redefining \. on input line 2.
LaTeX Info: Redefining \% on input line 2.
LaTeX Font Info:    Trying to load font information for U+msa on input line 7.

("C:\Users\ricar\AppData\Local\Programs\MiKTeX 2.9\tex/latex/amsfonts\umsa.fd"
File: umsa.fd 2013/01/14 v3.01 AMS symbols A
)
LaTeX Font Info:    Trying to load font information for U+msb on input line 7.
("C:\Users\ricar\AppData\Local\Programs\MiKTeX 2.9\tex/latex/amsfonts\umsb.fd"
File: umsb.fd 2013/01/14 v3.01 AMS symbols B
)
LaTeX Font Info:    Trying to load font information for U+lasy on input line 7.

("C:\Users\ricar\AppData\Local\Programs\MiKTeX 2.9\tex/latex/base\ulasy.fd"
File: ulasy.fd 1998/08/17 v2.2e LaTeX symbol font definitions
)
[2


])
\tf@toc=\write4
\openout4 = `central.toc'.

LaTeX Info: Redefining \. on input line 9.
LaTeX Info: Redefining \% on input line 9.
 [3] (central.lof
LaTeX Info: Redefining \. on input line 1.
LaTeX Info: Redefining \% on input line 1.

Overfull \hbox (0.20625pt too wide) in paragraph at lines 22--22
 [][] [][][]\T1/cmr/m/n/12 Diferencias en-tre Ga-ler-kin Con-ti-nuo (De-re-cha)
 y Dis-con-ti-nuo (Iz-quier-da) (Logg 
 []

[4

])
\tf@lof=\write5
\openout5 = `central.lof'.

LaTeX Info: Redefining \. on input line 11.
LaTeX Info: Redefining \% on input line 11.
 [5]
\openout2 = `Introduccion/Introduccion.aux'.

 (Introduccion/Introduccion.tex
Underfull \hbox (badness 10000) in paragraph at lines 3--5

 []


Underfull \hbox (badness 10000) in paragraph at lines 7--9

 []


Underfull \hbox (badness 10000) in paragraph at lines 10--12

 []


Underfull \hbox (badness 10000) in paragraph at lines 13--15

 []

[6


]
Underfull \hbox (badness 10000) in paragraph at lines 17--19

 []


Underfull \hbox (badness 10000) in paragraph at lines 20--22

 []


Underfull \hbox (badness 10000) in paragraph at lines 23--25

 []


Underfull \hbox (badness 10000) in paragraph at lines 26--28

 []


Underfull \hbox (badness 10000) in paragraph at lines 29--31

 []

LaTeX Info: Redefining \. on input line 34.
LaTeX Info: Redefining \% on input line 34.
[7])
\openout2 = `Capitulo1/Capitulo1.aux'.

 (Capitulo1/Capitulo1.tex
Cap\'{\i }tulo 1.

Underfull \hbox (badness 10000) in paragraph at lines 8--10

 []


Underfull \hbox (badness 10000) in paragraph at lines 16--18

 []

[1



]
<Figura1.png, id=348, 362.85562pt x 258.21469pt>
File: Figura1.png Graphic file (type png)
<use Figura1.png>
Package pdftex.def Info: Figura1.png  used on input line 24.
(pdftex.def)             Requested size: 253.99721pt x 180.74904pt.
LaTeX Info: Redefining \. on input line 30.
LaTeX Info: Redefining \% on input line 30.
 [2 <./Figura1.png>]
Underfull \hbox (badness 10000) in paragraph at lines 52--56

 []

LaTeX Info: Redefining \. on input line 56.
LaTeX Info: Redefining \% on input line 56.
[3]
LaTeX Info: Redefining \. on input line 94.
LaTeX Info: Redefining \% on input line 94.
 [4]
LaTeX Info: Redefining \. on input line 139.
LaTeX Info: Redefining \% on input line 139.
 [5]
LaTeX Info: Redefining \. on input line 174.
LaTeX Info: Redefining \% on input line 174.
 [6]

LaTeX Warning: Command \' invalid in math mode on input line 191.

Missing character: There is no í in font cmr12!

Underfull \hbox (badness 10000) in paragraph at lines 191--195

 []

<Figura2.png, id=432, 392.21532pt x 425.33907pt>
File: Figura2.png Graphic file (type png)
<use Figura2.png>
Package pdftex.def Info: Figura2.png  used on input line 198.
(pdftex.def)             Requested size: 235.331pt x 255.2054pt.
LaTeX Info: Redefining \. on input line 202.
LaTeX Info: Redefining \% on input line 202.
[7]
Underfull \hbox (badness 10000) in paragraph at lines 217--227

 []


Underfull \hbox (badness 10000) in paragraph at lines 217--227

 []


Underfull \hbox (badness 10000) in paragraph at lines 217--227

 []

LaTeX Info: Redefining \. on input line 227.
LaTeX Info: Redefining \% on input line 227.
[8 <./Figura2.png>]
<Figura3.png, id=451, 469.755pt x 300.3722pt>
File: Figura3.png Graphic file (type png)
<use Figura3.png>
Package pdftex.def Info: Figura3.png  used on input line 230.
(pdftex.def)             Requested size: 281.85518pt x 180.22469pt.
LaTeX Info: Redefining \. on input line 235.
LaTeX Info: Redefining \% on input line 235.
 [9]
Underfull \hbox (badness 10000) in paragraph at lines 241--248

 []


Underfull \hbox (badness 10000) in paragraph at lines 241--248

 []

<Figura5.png, id=463, 803.0pt x 642.4pt>
File: Figura5.png Graphic file (type png)
<use Figura5.png>
Package pdftex.def Info: Figura5.png  used on input line 252.
(pdftex.def)             Requested size: 113.81102pt x 91.04303pt.
<Figura4.png, id=465, 351.3125pt x 184.69pt>
File: Figura4.png Graphic file (type png)
<use Figura4.png>
Package pdftex.def Info: Figura4.png  used on input line 253.
(pdftex.def)             Requested size: 113.81102pt x 59.8319pt.
<Figura6.png, id=466, 803.0pt x 602.25pt>
File: Figura6.png Graphic file (type png)
<use Figura6.png>
Package pdftex.def Info: Figura6.png  used on input line 254.
(pdftex.def)             Requested size: 227.62204pt x 170.71487pt.
LaTeX Info: Redefining \. on input line 258.
LaTeX Info: Redefining \% on input line 258.
[10 <./Figura3.png>]
Underfull \hbox (badness 10000) in paragraph at lines 262--269

 []


Underfull \hbox (badness 10000) in paragraph at lines 262--269

 []

LaTeX Info: Redefining \. on input line 273.
LaTeX Info: Redefining \% on input line 273.
[11 <./Figura5.png> <./Figura4.png> <./Figura6.png>]
Underfull \hbox (badness 10000) in paragraph at lines 276--278

 []


Underfull \hbox (badness 10000) in paragraph at lines 279--284

 []


Underfull \hbox (badness 10000) in paragraph at lines 279--284

 []


Underfull \hbox (badness 10000) in paragraph at lines 297--301

 []

LaTeX Info: Redefining \. on input line 310.
LaTeX Info: Redefining \% on input line 310.
[12]
Underfull \hbox (badness 10000) in paragraph at lines 315--319

 []

<Figura7.jpeg, id=501, 641.39626pt x 365.11406pt>
File: Figura7.jpeg Graphic file (type jpg)
<use Figura7.jpeg>
Package pdftex.def Info: Figura7.jpeg  used on input line 322.
(pdftex.def)             Requested size: 320.69734pt x 182.55658pt.

Underfull \hbox (badness 10000) in paragraph at lines 327--334

 []


Underfull \hbox (badness 10000) in paragraph at lines 327--334

 []

LaTeX Info: Redefining \. on input line 334.
LaTeX Info: Redefining \% on input line 334.
[13 <./Figura7.jpeg>]
<Figura12.png, id=508, 382.42876pt x 374.14781pt>
File: Figura12.png Graphic file (type png)
<use Figura12.png>
Package pdftex.def Info: Figura12.png  used on input line 369.
(pdftex.def)             Requested size: 199.16928pt x 194.85484pt.
<Figura11.png, id=509, 438.13687pt x 387.69844pt>
File: Figura11.png Graphic file (type png)
<use Figura11.png>
Package pdftex.def Info: Figura11.png  used on input line 370.
(pdftex.def)             Requested size: 213.39566pt x 188.83214pt.

Underfull \hbox (badness 10000) in paragraph at lines 376--380

 []

LaTeX Info: Redefining \. on input line 380.
LaTeX Info: Redefining \% on input line 380.
[14]
<Figura13.png, id=520, 551.05875pt x 380.17032pt>
File: Figura13.png Graphic file (type png)
<use Figura13.png>
Package pdftex.def Info: Figura13.png  used on input line 383.
(pdftex.def)             Requested size: 275.52869pt x 190.08469pt.
LaTeX Info: Redefining \. on input line 398.
LaTeX Info: Redefining \% on input line 398.
 [15 <./Figura12.png> <./Figura11.png>]
LaTeX Info: Redefining \. on input line 437.
LaTeX Info: Redefining \% on input line 437.
 [16 <./Figura13.png>])
LaTeX Info: Redefining \. on input line 13.
LaTeX Info: Redefining \% on input line 13.
 [17]
\openout2 = `Capitulo2/Capitulo2.aux'.


(Capitulo2/Capitulo2.tex
Cap\'{\i }tulo 2.

Underfull \hbox (badness 10000) in paragraph at lines 9--16

 []


Underfull \hbox (badness 10000) in paragraph at lines 9--16

 []

<Figura14.png, id=560, 471.26062pt x 471.26062pt>
File: Figura14.png Graphic file (type png)
<use Figura14.png>
Package pdftex.def Info: Figura14.png  used on input line 20.
(pdftex.def)             Requested size: 259.19414pt x 259.19414pt.
[18



]
<Figura15.png, id=568, 557.83406pt x 439.6425pt>
File: Figura15.png Graphic file (type png)
<use Figura15.png>
Package pdftex.def Info: Figura15.png  used on input line 29.
(pdftex.def)             Requested size: 334.703pt x 263.78752pt.

Underfull \hbox (badness 10000) in paragraph at lines 34--36

 []


Underfull \hbox (badness 10000) in paragraph at lines 37--39

 []

LaTeX Info: Redefining \. on input line 39.
LaTeX Info: Redefining \% on input line 39.
[19 <./Figura14.png>]
Underfull \hbox (badness 10000) in paragraph at lines 40--44

 []

LaTeX Info: Redefining \. on input line 44.
LaTeX Info: Redefining \% on input line 44.
[20 <./Figura15.png>]
Underfull \hbox (badness 10000) in paragraph at lines 48--50

 []


Underfull \hbox (badness 10000) in paragraph at lines 55--57

 []

LaTeX Info: Redefining \. on input line 59.
LaTeX Info: Redefining \% on input line 59.
[21]
Underfull \hbox (badness 10000) in paragraph at lines 100--104

 []

LaTeX Info: Redefining \. on input line 104.
LaTeX Info: Redefining \% on input line 104.
[22]
LaTeX Info: Redefining \. on input line 137.
LaTeX Info: Redefining \% on input line 137.
 [23]
Underfull \hbox (badness 10000) in paragraph at lines 160--164

 []

LaTeX Info: Redefining \. on input line 183.
LaTeX Info: Redefining \% on input line 183.
[24]
Underfull \hbox (badness 10000) in paragraph at lines 193--197

 []


Underfull \hbox (badness 10000) in paragraph at lines 206--208

 []

LaTeX Info: Redefining \. on input line 210.
LaTeX Info: Redefining \% on input line 210.
[25]
<FIgura_16.png, id=660, 246.1697pt x 199.49532pt>
File: FIgura_16.png Graphic file (type png)
<use FIgura_16.png>
Package pdftex.def Info: FIgura_16.png  used on input line 213.
(pdftex.def)             Requested size: 135.39374pt x 109.72275pt.
<Figura_17.png, id=661, 660.96938pt x 351.56343pt>
File: Figura_17.png Graphic file (type png)
<use Figura_17.png>
Package pdftex.def Info: Figura_17.png  used on input line 221.
(pdftex.def)             Requested size: 363.53427pt x 193.36047pt.

Underfull \hbox (badness 10000) in paragraph at lines 226--230

 []

LaTeX Info: Redefining \. on input line 230.
LaTeX Info: Redefining \% on input line 230.
[26 <./FIgura_16.png> <./Figura_17.png>]
Underfull \hbox (badness 10000) in paragraph at lines 243--245

 []


Underfull \hbox (badness 10000) in paragraph at lines 253--255

 []

<Figura_18.png, id=670, 453.94594pt x 523.20468pt>
File: Figura_18.png Graphic file (type png)
<use Figura_18.png>
Package pdftex.def Info: Figura_18.png  used on input line 260.
(pdftex.def)             Requested size: 363.15724pt x 418.56432pt.

Underfull \hbox (badness 10000) in paragraph at lines 265--270

 []


Underfull \hbox (badness 10000) in paragraph at lines 265--270

 []

LaTeX Info: Redefining \. on input line 270.
LaTeX Info: Redefining \% on input line 270.
[27]
LaTeX Info: Redefining \. on input line 271.
LaTeX Info: Redefining \% on input line 271.
 [28 <./Figura_18.png>]
Underfull \hbox (badness 10000) in paragraph at lines 278--282

 []


Underfull \hbox (badness 10000) in paragraph at lines 302--315

 []


Underfull \hbox (badness 10000) in paragraph at lines 302--315

 []


Underfull \hbox (badness 10000) in paragraph at lines 302--315

 []


Underfull \hbox (badness 10000) in paragraph at lines 302--315

 []

LaTeX Info: Redefining \. on input line 315.
LaTeX Info: Redefining \% on input line 315.
[29]
Underfull \hbox (badness 10000) in paragraph at lines 354--356

 []

LaTeX Info: Redefining \. on input line 358.
LaTeX Info: Redefining \% on input line 358.
[30]
<Figura_19.png, id=702, 573.64313pt x 362.85562pt>
File: Figura_19.png Graphic file (type png)
<use Figura_19.png>
Package pdftex.def Info: Figura_19.png  used on input line 361.
(pdftex.def)             Requested size: 240.92847pt x 152.39832pt.
<Figura_20A.png, id=705, 651.93562pt x 462.97969pt>
File: Figura_20A.png Graphic file (type png)
<use Figura_20A.png>
Package pdftex.def Info: Figura_20A.png  used on input line 370.
(pdftex.def)             Requested size: 199.16928pt x 141.43819pt.
<Figura_20B.png, id=706, 662.475pt x 445.665pt>
File: Figura_20B.png Graphic file (type png)
<use Figura_20B.png>
Package pdftex.def Info: Figura_20B.png  used on input line 371.
(pdftex.def)             Requested size: 199.16928pt x 133.98615pt.
LaTeX Info: Redefining \. on input line 380.
LaTeX Info: Redefining \% on input line 380.
 [31 <./Figura_19.png> <./Figura_20A.png> <./Figura_20B.png>]
Underfull \hbox (badness 10000) in paragraph at lines 422--426

 []

LaTeX Info: Redefining \. on input line 426.
LaTeX Info: Redefining \% on input line 426.
[32]
Underfull \hbox (badness 10000) in paragraph at lines 437--443

 []


Underfull \hbox (badness 10000) in paragraph at lines 437--443

 []


Underfull \hbox (badness 10000) in paragraph at lines 437--443

 []

<Figura_21.png, id=736, 865.73438pt x 380.17032pt>
File: Figura_21.png Graphic file (type png)
<use Figura_21.png>
Package pdftex.def Info: Figura_21.png  used on input line 446.
(pdftex.def)             Requested size: 476.15538pt x 209.09431pt.

Overfull \hbox (4.12415pt too wide) in paragraph at lines 446--447
 [][] 
 []

LaTeX Info: Redefining \. on input line 458.
LaTeX Info: Redefining \% on input line 458.
[33]
Underfull \hbox (badness 10000) in paragraph at lines 467--472

 []


Underfull \hbox (badness 10000) in paragraph at lines 467--472

 []

<Figura_24A.png, id=749, 938.7873pt x 490.7133pt>
File: Figura_24A.png Graphic file (type png)
<use Figura_24A.png>
Package pdftex.def Info: Figura_24A.png  used on input line 475.
(pdftex.def)             Requested size: 199.16928pt x 104.1011pt.
<Figura_24B.png, id=750, 462.528pt x 346.896pt>
File: Figura_24B.png Graphic file (type png)
<use Figura_24B.png>
Package pdftex.def Info: Figura_24B.png  used on input line 476.
(pdftex.def)             Requested size: 170.71652pt x 128.0372pt.
LaTeX Info: Redefining \. on input line 482.
LaTeX Info: Redefining \% on input line 482.
[34 <./Figura_21.png>]
("C:\Users\ricar\AppData\Local\Programs\MiKTeX 2.9\tex/latex/listings\lstlang1.
sty"
File: lstlang1.sty 2019/09/10 1.8c listings language file
)
LaTeX Info: Redefining \. on input line 512.
LaTeX Info: Redefining \% on input line 512.
 [35 <./Figura_24A.png> <./Figura_24B.png>]
LaTeX Font Info:    Trying to load font information for OMS+cmr on input line 5
19.

("C:\Users\ricar\AppData\Local\Programs\MiKTeX 2.9\tex/latex/base\omscmr.fd"
File: omscmr.fd 2014/09/29 v2.5h Standard LaTeX font definitions
)
LaTeX Font Info:    Font shape `OMS/cmr/m/n' in size <10> not available
(Font)              Font shape `OMS/cmsy/m/n' tried instead on input line 519.

Underfull \hbox (badness 10000) in paragraph at lines 536--540

 []

LaTeX Info: Redefining \. on input line 540.
LaTeX Info: Redefining \% on input line 540.
[36]
Underfull \hbox (badness 10000) in paragraph at lines 563--570

 []


Underfull \hbox (badness 10000) in paragraph at lines 563--570

 []

<Figura_22.png, id=798, 966.61125pt x 494.59781pt>
File: Figura_22.png Graphic file (type png)
<use Figura_22.png>
Package pdftex.def Info: Figura_22.png  used on input line 573.
(pdftex.def)             Requested size: 434.97105pt x 222.56694pt.
LaTeX Info: Redefining \. on input line 579.
LaTeX Info: Redefining \% on input line 579.
[37]
("C:\Users\ricar\AppData\Local\Programs\MiKTeX 2.9\tex/latex/listings\lstlang1.
sty"
File: lstlang1.sty 2019/09/10 1.8c listings language file
)
("C:\Users\ricar\AppData\Local\Programs\MiKTeX 2.9\tex/latex/listings\lstlang2.
sty"
File: lstlang2.sty 2019/09/10 1.8c listings language file
)
("C:\Users\ricar\AppData\Local\Programs\MiKTeX 2.9\tex/latex/listings\lstlang3.
sty"
File: lstlang3.sty 2019/09/10 1.8c listings language file
)
Underfull \hbox (badness 10000) in paragraph at lines 587--591

 []

<Figura_23.png, id=820, 938.7873pt x 490.7133pt>
File: Figura_23.png Graphic file (type png)
<use Figura_23.png>
Package pdftex.def Info: Figura_23.png  used on input line 594.
(pdftex.def)             Requested size: 516.33461pt x 269.89314pt.

Overfull \hbox (44.30338pt too wide) in paragraph at lines 594--595
 [][] 
 []

LaTeX Info: Redefining \. on input line 600.
LaTeX Info: Redefining \% on input line 600.
[38 <./Figura_22.png>]
LaTeX Info: Redefining \. on input line 626.
LaTeX Info: Redefining \% on input line 626.
 [39 <./Figura_23.png>])
LaTeX Info: Redefining \. on input line 14.
LaTeX Info: Redefining \% on input line 14.
 [40]
\openout2 = `Capitulo3/Capitulo3.aux'.

 (Capitulo3/Capitulo3.tex
Cap\'{\i }tulo 3.
<Figura_25c.png, id=874, 1224.82594pt x 773.13844pt>
File: Figura_25c.png Graphic file (type png)
<use Figura_25c.png>
Package pdftex.def Info: Figura_25c.png  used on input line 25.
(pdftex.def)             Requested size: 428.6955pt x 270.60251pt.
[41



]
LaTeX Info: Redefining \. on input line 63.
LaTeX Info: Redefining \% on input line 63.
 [42 <./Figura_25c.png>]
Underfull \hbox (badness 10000) in paragraph at lines 68--70

 []

<Figura_26.png, id=893, 1107.8991pt x 586.1097pt>
File: Figura_26.png Graphic file (type png)
<use Figura_26.png>
Package pdftex.def Info: Figura_26.png  used on input line 76.
(pdftex.def)             Requested size: 553.9482pt x 293.05412pt.

Overfull \hbox (81.91696pt too wide) in paragraph at lines 76--77
 [][] 
 []


Underfull \hbox (badness 10000) in paragraph at lines 81--83

 []

LaTeX Info: Redefining \. on input line 83.
LaTeX Info: Redefining \% on input line 83.
[43 <./Figura_26.png>]
<Figura_27a.png, id=901, 1306.12968pt x 845.40843pt>
File: Figura_27a.png Graphic file (type png)
<use Figura_27a.png>
Package pdftex.def Info: Figura_27a.png  used on input line 88.
(pdftex.def)             Requested size: 457.15224pt x 295.89738pt.


LaTeX Warning: Reference `eqn:mys6' on page 44 undefined on input line 94.

LaTeX Info: Redefining \. on input line 110.
LaTeX Info: Redefining \% on input line 110.
[44 <./Figura_27a.png>]
<Figure_28c.png, id=911, 839.0547pt x 762.4485pt>
File: Figure_28c.png Graphic file (type png)
<use Figure_28c.png>
Package pdftex.def Info: Figure_28c.png  used on input line 116.
(pdftex.def)             Requested size: 461.48152pt x 419.34798pt.

Underfull \hbox (badness 10000) in paragraph at lines 121--123

 []

LaTeX Info: Redefining \. on input line 123.
LaTeX Info: Redefining \% on input line 123.
[45 <./Figure_28c.png>]
Underfull \hbox (badness 10000) in paragraph at lines 129--131

 []

<Figura_28.5.png.png, id=918, 1204.5pt x 589.4522pt>
File: Figura_28.5.png.png Graphic file (type png)
<use Figura_28.5.png.png>
Package pdftex.def Info: Figura_28.5.png.png  used on input line 136.
(pdftex.def)             Requested size: 481.79147pt x 235.7767pt.

Overfull \hbox (9.76024pt too wide) in paragraph at lines 136--137
 [][] 
 []

LaTeX Info: Redefining \. on input line 143.
LaTeX Info: Redefining \% on input line 143.
[46 <./Figura_28.5.png.png (PNG copy)>]
Underfull \hbox (badness 10000) in paragraph at lines 146--148

 []

<Figura_29c.png, id=926, 1611.01875pt x 1001.24063pt>
File: Figura_29c.png Graphic file (type png)
<use Figura_29c.png>
Package pdftex.def Info: Figura_29c.png  used on input line 153.
(pdftex.def)             Requested size: 483.30936pt x 300.37451pt.

Overfull \hbox (11.27812pt too wide) in paragraph at lines 153--154
 [][] 
 []

LaTeX Info: Redefining \. on input line 157.
LaTeX Info: Redefining \% on input line 157.
[47]
<Figura_29e.png, id=934, 801.74532pt x 764.10469pt>
File: Figura_29e.png Graphic file (type png)
<use Figura_29e.png>
Package pdftex.def Info: Figura_29e.png  used on input line 185.
(pdftex.def)             Requested size: 400.87167pt x 382.0514pt.
LaTeX Info: Redefining \. on input line 189.
LaTeX Info: Redefining \% on input line 189.
 [48 <./Figura_29c.png>]
Underfull \hbox (badness 10000) in paragraph at lines 190--192

 []

LaTeX Info: Redefining \. on input line 198.
LaTeX Info: Redefining \% on input line 198.
[49 <./Figura_29e.png>]
Underfull \hbox (badness 10000) in paragraph at lines 223--225

 []

LaTeX Info: Redefining \. on input line 243.
LaTeX Info: Redefining \% on input line 243.
[50]
<Figura_25d.png, id=965, 1285.05093pt x 712.91344pt>
File: Figura_25d.png Graphic file (type png)
<use Figura_25d.png>
Package pdftex.def Info: Figura_25d.png  used on input line 253.
(pdftex.def)             Requested size: 346.96838pt x 192.4892pt.
<Figura_31.png, id=966, 987.2082pt x 510.2262pt>
File: Figura_31.png Graphic file (type png)
<use Figura_31.png>
Package pdftex.def Info: Figura_31.png  used on input line 260.
(pdftex.def)             Requested size: 542.96619pt x 280.62527pt.

Overfull \hbox (70.93495pt too wide) in paragraph at lines 260--261
 [][] 
 []

LaTeX Info: Redefining \. on input line 264.
LaTeX Info: Redefining \% on input line 264.
[51 <./Figura_25d.png>]
<Figura_32.png, id=974, 987.2082pt x 510.2262pt>
File: Figura_32.png Graphic file (type png)
<use Figura_32.png>
Package pdftex.def Info: Figura_32.png  used on input line 267.
(pdftex.def)             Requested size: 542.96619pt x 280.62527pt.

Overfull \hbox (70.93495pt too wide) in paragraph at lines 267--268
 [][] 
 []


Underfull \hbox (badness 10000) in paragraph at lines 272--274

 []

LaTeX Info: Redefining \. on input line 274.
LaTeX Info: Redefining \% on input line 274.
[52 <./Figura_31.png> <./Figura_32.png>]
<Figura_27.png, id=983, 1380.65813pt x 810.02625pt>
File: Figura_27.png Graphic file (type png)
<use Figura_27.png>
Package pdftex.def Info: Figura_27.png  used on input line 287.
(pdftex.def)             Requested size: 345.16368pt x 202.50606pt.
LaTeX Info: Redefining \. on input line 292.
LaTeX Info: Redefining \% on input line 292.
 [53 <./Figura_27.png>]
<Figura_33e.png, id=989, 771.1209pt x 680.0607pt>
File: Figura_33e.png Graphic file (type png)
<use Figura_33e.png>
Package pdftex.def Info: Figura_33e.png  used on input line 298.
(pdftex.def)             Requested size: 483.94966pt x 426.79134pt.

Overfull \hbox (11.91843pt too wide) in paragraph at lines 298--299
 [][] 
 []

LaTeX Info: Redefining \. on input line 303.
LaTeX Info: Redefining \% on input line 303.
[54 <./Figura_33e.png>]
<Figura_34d.png, id=996, 856.3995pt x 805.8105pt>
File: Figura_34d.png Graphic file (type png)
<use Figura_34d.png>
Package pdftex.def Info: Figura_34d.png  used on input line 306.
(pdftex.def)             Requested size: 471.02118pt x 443.19714pt.

Underfull \hbox (badness 10000) in paragraph at lines 312--314

 []


Underfull \hbox (badness 10000) in paragraph at lines 315--317

 []

LaTeX Info: Redefining \. on input line 317.
LaTeX Info: Redefining \% on input line 317.
[55 <./Figura_34d.png>]
<Figura_29b.png, id=1011, 1611.01875pt x 1001.24063pt>
File: Figura_29b.png Graphic file (type png)
<use Figura_29b.png>
Package pdftex.def Info: Figura_29b.png  used on input line 335.
(pdftex.def)             Requested size: 354.42522pt x 220.27362pt.
LaTeX Info: Redefining \. on input line 340.
LaTeX Info: Redefining \% on input line 340.
 [56 <./Figura_29b.png>]
<Figura_35d.png, id=1017, 801.74532pt x 773.13844pt>
File: Figura_35d.png Graphic file (type png)
<use Figura_35d.png>
Package pdftex.def Info: Figura_35d.png  used on input line 345.
(pdftex.def)             Requested size: 442.58836pt x 426.79134pt.
LaTeX Info: Redefining \. on input line 350.
LaTeX Info: Redefining \% on input line 350.
 [57 <./Figura_35d.png>]
<Figura_36d.png, id=1023, 834.86906pt x 828.84656pt>
File: Figura_36d.png Graphic file (type png)
<use Figura_36d.png>
Package pdftex.def Info: Figura_36d.png  used on input line 354.
(pdftex.def)             Requested size: 417.43352pt x 414.42226pt.
LaTeX Info: Redefining \. on input line 365.
LaTeX Info: Redefining \% on input line 365.

[58 <./Figura_36d.png>]
Underfull \hbox (badness 10000) in paragraph at lines 375--377

 []

LaTeX Info: Redefining \. on input line 400.
LaTeX Info: Redefining \% on input line 400.
[59]
<Figura_37.1.png, id=1043, 1028.34187pt x 490.08093pt>
File: Figura_37.1.png Graphic file (type png)
<use Figura_37.1.png>
Package pdftex.def Info: Figura_37.1.png  used on input line 405.
(pdftex.def)             Requested size: 462.74957pt x 220.53438pt.
<Figure_37.png, id=1044, 938.7873pt x 490.7133pt>
File: Figure_37.png Graphic file (type png)
<use Figure_37.png>
Package pdftex.def Info: Figure_37.png  used on input line 412.
(pdftex.def)             Requested size: 469.3925pt x 245.35605pt.
LaTeX Info: Redefining \. on input line 417.
LaTeX Info: Redefining \% on input line 417.
 [60 <./Figura_37.1.png (PNG copy)> <./Figure_37.png>]
Underfull \hbox (badness 10000) in paragraph at lines 420--422

 []


Underfull \hbox (badness 10000) in paragraph at lines 423--425

 []

<Figura38.png, id=1054, 1028.34187pt x 490.08093pt>
File: Figura38.png Graphic file (type png)
<use Figura38.png>
Package pdftex.def Info: Figura38.png  used on input line 430.
(pdftex.def)             Requested size: 462.74957pt x 220.53438pt.
<Figura39.png, id=1055, 1028.34187pt x 490.08093pt>
File: Figura39.png Graphic file (type png)
<use Figura39.png>
Package pdftex.def Info: Figura39.png  used on input line 437.
(pdftex.def)             Requested size: 462.74957pt x 220.53438pt.
LaTeX Info: Redefining \. on input line 441.
LaTeX Info: Redefining \% on input line 441.
[61 <./Figura38.png (PNG copy)>]
<Figura_40.png, id=1063, 938.7873pt x 490.7133pt>
File: Figura_40.png Graphic file (type png)
<use Figura_40.png>
Package pdftex.def Info: Figura_40.png  used on input line 446.
(pdftex.def)             Requested size: 469.3925pt x 245.35605pt.
<Figura_41.png, id=1064, 938.7873pt x 490.7133pt>
File: Figura_41.png Graphic file (type png)
<use Figura_41.png>
Package pdftex.def Info: Figura_41.png  used on input line 453.
(pdftex.def)             Requested size: 469.3925pt x 245.35605pt.
LaTeX Info: Redefining \. on input line 457.
LaTeX Info: Redefining \% on input line 457.
 [62 <./Figura39.png (PNG copy)> <./Figura_40.png>]
LaTeX Info: Redefining \. on input line 460.
LaTeX Info: Redefining \% on input line 460.
 [63 <./Figura_41.png>])
\openout2 = `Conclusiones/Conclusiones.aux'.

 (Conclusiones/Conclusiones.tex
Underfull \hbox (badness 10000) in paragraph at lines 4--6

 []


Underfull \hbox (badness 10000) in paragraph at lines 7--9

 []


Underfull \hbox (badness 10000) in paragraph at lines 10--13

 []

[64



]
Underfull \hbox (badness 10000) in paragraph at lines 14--16

 []

LaTeX Info: Redefining \. on input line 20.
LaTeX Info: Redefining \% on input line 20.
[65]) [66

]
\openout2 = `Apendices/Apendices.aux'.

 (Apendices/Apendices.tex [67



]
Ap\'{e}ndice A.
LaTeX Font Info:    Font shape `OMS/cmr/bx/n' in size <10> not available
(Font)              Font shape `OMS/cmsy/b/n' tried instead on input line 30.
[68

]
LaTeX Info: Redefining \. on input line 122.
LaTeX Info: Redefining \% on input line 122.
 [69]
LaTeX Info: Redefining \. on input line 179.
LaTeX Info: Redefining \% on input line 179.
 [70]
LaTeX Info: Redefining \. on input line 231.
LaTeX Info: Redefining \% on input line 231.
 [71]
LaTeX Info: Redefining \. on input line 290.
LaTeX Info: Redefining \% on input line 290.
 [72]
LaTeX Info: Redefining \. on input line 315.
LaTeX Info: Redefining \% on input line 315.
 [73]
Ap\'{e}ndice B.
[74

])
LaTeX Info: Redefining \. on input line 17.
LaTeX Info: Redefining \% on input line 17.
 [75] (central.bbl [76


])
Package atveryend Info: Empty hook `BeforeClearDocument' on input line 21.
LaTeX Info: Redefining \. on input line 21.
LaTeX Info: Redefining \% on input line 21.
 [77]
Package atveryend Info: Empty hook `AfterLastShipout' on input line 21.
 (central.aux (Resumen/Resumen.aux)
LaTeX Info: Redefining \. on input line 25.
LaTeX Info: Redefining \% on input line 25.

(Introduccion/Introduccion.aux) (Capitulo1/Capitulo1.aux)
(Capitulo2/Capitulo2.aux) (Capitulo3/Capitulo3.aux)
(Conclusiones/Conclusiones.aux) (Apendices/Apendices.aux))
Package atveryend Info: Executing hook `AtVeryEndDocument' on input line 21.
Package atveryend Info: Executing hook `AtEndAfterFileList' on input line 21.
Package rerunfilecheck Info: File `central.out' has not changed.
(rerunfilecheck)             Checksum: 074AB740C6D6724A3908745E68F2D093;3201.


LaTeX Warning: There were undefined references.


LaTeX Warning: There were multiply-defined labels.

Package atveryend Info: Empty hook `AtVeryVeryEnd' on input line 21.
 ) 
Here is how much of TeX's memory you used:
 13505 strings out of 492484
 191292 string characters out of 3121601
 624112 words of memory out of 3000000
 16786 multiletter control sequences out of 15000+200000
 26604 words of font info for 68 fonts, out of 3000000 for 9000
 1141 hyphenation exceptions out of 8191
 56i,9n,47p,1876b,1939s stack positions out of 5000i,500n,10000p,200000b,50000s
pdfTeX warning (dest): name{lstnumber.-23.44} has been referenced but does no
t exist, replaced by a fixed one

{C:/Users/ricar/AppData/Local/Programs/MiKTeX 2.9/fonts/enc/dvips/cm-super/cm-s
uper-t1.enc}<C:/Users/ricar/AppData/Local/Programs/MiKTeX 2.9/fonts/type1/publi
c/amsfonts/cm/cmbsy10.pfb><C:/Users/ricar/AppData/Local/Programs/MiKTeX 2.9/fon
ts/type1/public/amsfonts/cm/cmex10.pfb><C:/Users/ricar/AppData/Local/Programs/M
iKTeX 2.9/fonts/type1/public/amsfonts/cm/cmmi12.pfb><C:/Users/ricar/AppData/Loc
al/Programs/MiKTeX 2.9/fonts/type1/public/amsfonts/cm/cmmi6.pfb><C:/Users/ricar
/AppData/Local/Programs/MiKTeX 2.9/fonts/type1/public/amsfonts/cm/cmmi8.pfb><C:
/Users/ricar/AppData/Local/Programs/MiKTeX 2.9/fonts/type1/public/amsfonts/cm/c
mr12.pfb><C:/Users/ricar/AppData/Local/Programs/MiKTeX 2.9/fonts/type1/public/a
msfonts/cm/cmr6.pfb><C:/Users/ricar/AppData/Local/Programs/MiKTeX 2.9/fonts/typ
e1/public/amsfonts/cm/cmr8.pfb><C:/Users/ricar/AppData/Local/Programs/MiKTeX 2.
9/fonts/type1/public/amsfonts/cm/cmsy10.pfb><C:/Users/ricar/AppData/Local/Progr
ams/MiKTeX 2.9/fonts/type1/public/amsfonts/cm/cmsy8.pfb><C:/Users/ricar/AppData
/Local/Programs/MiKTeX 2.9/fonts/type1/public/amsfonts/symbols/msbm10.pfb><C:/U
sers/ricar/AppData/Local/Programs/MiKTeX 2.9/fonts/type1/public/cm-super/sfbx10
00.pfb><C:/Users/ricar/AppData/Local/Programs/MiKTeX 2.9/fonts/type1/public/cm-
super/sfbx1200.pfb><C:/Users/ricar/AppData/Local/Programs/MiKTeX 2.9/fonts/type
1/public/cm-super/sfbx1440.pfb><C:/Users/ricar/AppData/Local/Programs/MiKTeX 2.
9/fonts/type1/public/cm-super/sfbx1728.pfb><C:/Users/ricar/AppData/Local/Progra
ms/MiKTeX 2.9/fonts/type1/public/cm-super/sfbx2488.pfb><C:/Users/ricar/AppData/
Local/Programs/MiKTeX 2.9/fonts/type1/public/cm-super/sfcc1200.pfb><C:/Users/ri
car/AppData/Local/Programs/MiKTeX 2.9/fonts/type1/public/cm-super/sfrm0800.pfb>
<C:/Users/ricar/AppData/Local/Programs/MiKTeX 2.9/fonts/type1/public/cm-super/s
frm1000.pfb><C:/Users/ricar/AppData/Local/Programs/MiKTeX 2.9/fonts/type1/publi
c/cm-super/sfrm1200.pfb><C:/Users/ricar/AppData/Local/Programs/MiKTeX 2.9/fonts
/type1/public/cm-super/sfsl1200.pfb><C:/Users/ricar/AppData/Local/Programs/MiKT
eX 2.9/fonts/type1/public/cm-super/sfti1000.pfb><C:/Users/ricar/AppData/Local/P
rograms/MiKTeX 2.9/fonts/type1/public/cm-super/sfti1200.pfb><C:/Users/ricar/App
Data/Local/Programs/MiKTeX 2.9/fonts/type1/public/cm-super/sfxc1200.pfb>
Output written on central.pdf (84 pages, 4378005 bytes).
PDF statistics:
 1662 PDF objects out of 1728 (max. 8388607)
 695 named destinations out of 1000 (max. 500000)
 554 words of extra memory for PDF output out of 10000 (max. 10000000)

